<?xml version="1.0" encoding="UTF-8"?>
<testng-results ignored="0" total="1" passed="1" failed="0" skipped="0">
  <reporter-output>
  </reporter-output>
  <suite started-at="2026-03-06T16:35:08 IST" name="FlightSuite" finished-at="2026-03-06T16:35:17 IST" duration-ms="9758">
    <groups>
    </groups>
    <test started-at="2026-03-06T16:35:08 IST" name="FlightTest" finished-at="2026-03-06T16:35:17 IST" duration-ms="9758">
      <class name="com.flightbooking.tests.FlightBookingTest">
        <test-method is-config="true" signature="setup()[pri:0, instance:com.flightbooking.tests.FlightBookingTest@30c15d8b]" started-at="2026-03-06T16:35:08 IST" name="setup" finished-at="2026-03-06T16:35:13 IST" duration-ms="5363" status="PASS">
          <reporter-output>
          </reporter-output>
        </test-method> <!-- setup -->
        <test-method signature="bookFlightTest()[pri:0, instance:com.flightbooking.tests.FlightBookingTest@30c15d8b]" started-at="2026-03-06T16:35:13 IST" name="bookFlightTest" finished-at="2026-03-06T16:35:17 IST" duration-ms="4008" status="PASS">
          <reporter-output>
          </reporter-output>
        </test-method> <!-- bookFlightTest -->
        <test-method is-config="true" signature="tearDown()[pri:0, instance:com.flightbooking.tests.FlightBookingTest@30c15d8b]" started-at="2026-03-06T16:35:17 IST" name="tearDown" finished-at="2026-03-06T16:35:17 IST" duration-ms="323" status="PASS">
          <reporter-output>
          </reporter-output>
        </test-method> <!-- tearDown -->
      </class> <!-- com.flightbooking.tests.FlightBookingTest -->
    </test> <!-- FlightTest -->
  </suite> <!-- FlightSuite -->
</testng-results>
